# JRE version: OpenJDK Runtime Environment (11.0.10) (build 11.0.10+0-b96-7249189)
# Java VM: OpenJDK 64-Bit Server VM (11.0.10+0-b96-7249189, mixed mode, tiered, compressed oops, g1 gc, windows-amd64)
Heap:
 garbage-first heap   total 524288K, used 524288K [0x00000000e0000000, 0x0000000100000000)
  region size 1024K, 15 young (15360K), 0 survivors (0K)
 Metaspace       used 75609K, capacity 81937K, committed 82204K, reserved 1120256K
  class space    used 8646K, capacity 11493K, committed 11628K, reserved 1048576K
GC Heap History (20 events):
Event: 22.435 GC heap after
{Heap after GC invocations=253 (full 0):
 garbage-first heap   total 523264K, used 497005K [0x00000000e0000000, 0x0000000100000000)
  region size 1024K, 1 young (1024K), 1 survivors (1024K)
 Metaspace       used 75415K, capacity 81716K, committed 81820K, reserved 1120256K
  class space    used 8626K, capacity 11457K, committed 11500K, reserved 1048576K
}
Event: 22.480 GC heap before
{Heap before GC invocations=253 (full 0):
 garbage-first heap   total 523264K, used 521581K [0x00000000e0000000, 0x0000000100000000)
  region size 1024K, 25 young (25600K), 1 survivors (1024K)
 Metaspace       used 75424K, capacity 81717K, committed 81820K, reserved 1120256K
  class space    used 8627K, capacity 11457K, committed 11500K, reserved 1048576K
}
Event: 22.483 GC heap after
{Heap after GC invocations=254 (full 0):
 garbage-first heap   total 523264K, used 496842K [0x00000000e0000000, 0x0000000100000000)
  region size 1024K, 1 young (1024K), 1 survivors (1024K)
 Metaspace       used 75424K, capacity 81717K, committed 81820K, reserved 1120256K
  class space    used 8627K, capacity 11457K, committed 11500K, reserved 1048576K
}
Event: 22.539 GC heap before
{Heap before GC invocations=254 (full 0):
 garbage-first heap   total 523264K, used 521418K [0x00000000e0000000, 0x0000000100000000)
  region size 1024K, 25 young (25600K), 1 survivors (1024K)
 Metaspace       used 75439K, capacity 81727K, committed 81820K, reserved 1120256K
  class space    used 8627K, capacity 11457K, committed 11500K, reserved 1048576K
}
Event: 22.542 GC heap after
{Heap after GC invocations=255 (full 0):
 garbage-first heap   total 523264K, used 496885K [0x00000000e0000000, 0x0000000100000000)
  region size 1024K, 1 young (1024K), 1 survivors (1024K)
 Metaspace       used 75439K, capacity 81727K, committed 81820K, reserved 1120256K
  class space    used 8627K, capacity 11457K, committed 11500K, reserved 1048576K
}
Event: 22.589 GC heap before
{Heap before GC invocations=255 (full 0):
 garbage-first heap   total 523264K, used 521461K [0x00000000e0000000, 0x0000000100000000)
  region size 1024K, 25 young (25600K), 1 survivors (1024K)
 Metaspace       used 75473K, capacity 81737K, committed 81820K, reserved 1120256K
  class space    used 8627K, capacity 11457K, committed 11500K, reserved 1048576K
}
Event: 22.592 GC heap after
{Heap after GC invocations=256 (full 0):
 garbage-first heap   total 524288K, used 497296K [0x00000000e0000000, 0x0000000100000000)
  region size 1024K, 2 young (2048K), 2 survivors (2048K)
 Metaspace       used 75473K, capacity 81737K, committed 81820K, reserved 1120256K
  class space    used 8627K, capacity 11457K, committed 11500K, reserved 1048576K
}
Event: 22.632 GC heap before
{Heap before GC invocations=257 (full 0):
 garbage-first heap   total 524288K, used 520848K [0x00000000e0000000, 0x0000000100000000)
  region size 1024K, 25 young (25600K), 2 survivors (2048K)
 Metaspace       used 75481K, capacity 81801K, committed 82076K, reserved 1120256K
  class space    used 8629K, capacity 11457K, committed 11500K, reserved 1048576K
}
Event: 22.635 GC heap after
{Heap after GC invocations=258 (full 0):
 garbage-first heap   total 524288K, used 497419K [0x00000000e0000000, 0x0000000100000000)
  region size 1024K, 2 young (2048K), 2 survivors (2048K)
 Metaspace       used 75481K, capacity 81801K, committed 82076K, reserved 1120256K
  class space    used 8629K, capacity 11457K, committed 11500K, reserved 1048576K
}
Event: 22.676 GC heap before
{Heap before GC invocations=258 (full 0):
 garbage-first heap   total 524288K, used 520971K [0x00000000e0000000, 0x0000000100000000)
  region size 1024K, 25 young (25600K), 2 survivors (2048K)
 Metaspace       used 75487K, capacity 81807K, committed 82076K, reserved 1120256K
  class space    used 8630K, capacity 11458K, committed 11500K, reserved 1048576K
}
Event: 22.681 GC heap after
{Heap after GC invocations=259 (full 0):
 garbage-first heap   total 524288K, used 497834K [0x00000000e0000000, 0x0000000100000000)
  region size 1024K, 2 young (2048K), 2 survivors (2048K)
 Metaspace       used 75487K, capacity 81807K, committed 82076K, reserved 1120256K
  class space    used 8630K, capacity 11458K, committed 11500K, reserved 1048576K
}
Event: 22.729 GC heap before
{Heap before GC invocations=259 (full 0):
 garbage-first heap   total 524288K, used 521386K [0x00000000e0000000, 0x0000000100000000)
  region size 1024K, 25 young (25600K), 2 survivors (2048K)
 Metaspace       used 75490K, capacity 81807K, committed 82076K, reserved 1120256K
  class space    used 8630K, capacity 11458K, committed 11500K, reserved 1048576K
}
Event: 22.732 GC heap after
{Heap after GC invocations=260 (full 0):
 garbage-first heap   total 524288K, used 498132K [0x00000000e0000000, 0x0000000100000000)
  region size 1024K, 2 young (2048K), 2 survivors (2048K)
 Metaspace       used 75490K, capacity 81807K, committed 82076K, reserved 1120256K
  class space    used 8630K, capacity 11458K, committed 11500K, reserved 1048576K
}
Event: 22.770 GC heap before
{Heap before GC invocations=260 (full 0):
 garbage-first heap   total 524288K, used 521684K [0x00000000e0000000, 0x0000000100000000)
  region size 1024K, 25 young (25600K), 2 survivors (2048K)
 Metaspace       used 75494K, capacity 81808K, committed 82076K, reserved 1120256K
  class space    used 8631K, capacity 11458K, committed 11500K, reserved 1048576K
}
Event: 22.774 GC heap after
{Heap after GC invocations=261 (full 0):
 garbage-first heap   total 524288K, used 498226K [0x00000000e0000000, 0x0000000100000000)
  region size 1024K, 2 young (2048K), 2 survivors (2048K)
 Metaspace       used 75494K, capacity 81808K, committed 82076K, reserved 1120256K
  class space    used 8631K, capacity 11458K, committed 11500K, reserved 1048576K
}
Event: 22.833 GC heap before
{Heap before GC invocations=261 (full 0):
 garbage-first heap   total 524288K, used 521778K [0x00000000e0000000, 0x0000000100000000)
  region size 1024K, 25 young (25600K), 2 survivors (2048K)
 Metaspace       used 75502K, capacity 81818K, committed 82076K, reserved 1120256K
  class space    used 8631K, capacity 11458K, committed 11500K, reserved 1048576K
}
Event: 22.836 GC heap after
{Heap after GC invocations=262 (full 0):
 garbage-first heap   total 524288K, used 498656K [0x00000000e0000000, 0x0000000100000000)
  region size 1024K, 2 young (2048K), 2 survivors (2048K)
 Metaspace       used 75502K, capacity 81818K, committed 82076K, reserved 1120256K
  class space    used 8631K, capacity 11458K, committed 11500K, reserved 1048576K
}
Event: 22.889 GC heap before
{Heap before GC invocations=262 (full 0):
 garbage-first heap   total 524288K, used 522208K [0x00000000e0000000, 0x0000000100000000)
  region size 1024K, 25 young (25600K), 2 survivors (2048K)
 Metaspace       used 75505K, capacity 81818K, committed 82076K, reserved 1120256K
  class space    used 8632K, capacity 11458K, committed 11500K, reserved 1048576K
}
Event: 22.896 GC heap after
{Heap after GC invocations=263 (full 0):
 garbage-first heap   total 524288K, used 508928K [0x00000000e0000000, 0x0000000100000000)
  region size 1024K, 2 young (2048K), 2 survivors (2048K)
 Metaspace       used 75505K, capacity 81818K, committed 82076K, reserved 1120256K
  class space    used 8632K, capacity 11458K, committed 11500K, reserved 1048576K
}
Event: 23.163 GC heap before
{Heap before GC invocations=264 (full 0):
 garbage-first heap   total 524288K, used 524288K [0x00000000e0000000, 0x0000000100000000)
  region size 1024K, 17 young (17408K), 2 survivors (2048K)
 Metaspace       used 75609K, capacity 81937K, committed 82204K, reserved 1120256K
  class space    used 8646K, capacity 11493K, committed 11628K, reserved 1048576K
}

